c:\users\user\desktop\cocos2d-x-3.16\peng\pgeng153598u\proj.win32\debug.win32\animationmanager.obj
c:\users\user\desktop\cocos2d-x-3.16\peng\pgeng153598u\proj.win32\debug.win32\grid.obj
c:\users\user\desktop\cocos2d-x-3.16\peng\pgeng153598u\proj.win32\debug.win32\playerentity.obj
c:\users\user\desktop\cocos2d-x-3.16\peng\pgeng153598u\proj.win32\debug.win32\scenesplashscreen.obj
c:\users\user\desktop\cocos2d-x-3.16\peng\pgeng153598u\proj.win32\debug.win32\battleentity.obj
c:\users\user\desktop\cocos2d-x-3.16\peng\pgeng153598u\proj.win32\debug.win32\ghost1.obj
c:\users\user\desktop\cocos2d-x-3.16\peng\pgeng153598u\proj.win32\debug.win32\playerinfo.obj
c:\users\user\desktop\cocos2d-x-3.16\peng\pgeng153598u\proj.win32\debug.win32\scenemanager.obj
c:\users\user\desktop\cocos2d-x-3.16\peng\pgeng153598u\proj.win32\debug.win32\enemyentity.obj
c:\users\user\desktop\cocos2d-x-3.16\peng\pgeng153598u\proj.win32\debug.win32\gridsystem.obj
c:\users\user\desktop\cocos2d-x-3.16\peng\pgeng153598u\proj.win32\debug.win32\overworldscene.obj
c:\users\user\desktop\cocos2d-x-3.16\peng\pgeng153598u\proj.win32\debug.win32\wavespawner.obj
c:\users\user\desktop\cocos2d-x-3.16\peng\pgeng153598u\proj.win32\debug.win32\battlescene.obj
c:\users\user\desktop\cocos2d-x-3.16\peng\pgeng153598u\proj.win32\debug.win32\orc2.obj
c:\users\user\desktop\cocos2d-x-3.16\peng\pgeng153598u\proj.win32\debug.win32\postprocessing.obj
c:\users\user\desktop\cocos2d-x-3.16\peng\pgeng153598u\proj.win32\debug.win32\spritemanager.obj
c:\users\user\desktop\cocos2d-x-3.16\peng\pgeng153598u\proj.win32\debug.win32\basescene.obj
c:\users\user\desktop\cocos2d-x-3.16\peng\pgeng153598u\proj.win32\debug.win32\input.obj
c:\users\user\desktop\cocos2d-x-3.16\peng\pgeng153598u\proj.win32\debug.win32\projectile.obj
c:\users\user\desktop\cocos2d-x-3.16\peng\pgeng153598u\proj.win32\debug.win32\main.obj
c:\users\user\desktop\cocos2d-x-3.16\peng\pgeng153598u\proj.win32\debug.win32\appdelegate.obj
c:\users\user\desktop\cocos2d-x-3.16\peng\pgeng153598u\proj.win32\debug.win32\entity.obj
c:\users\user\desktop\cocos2d-x-3.16\peng\pgeng153598u\proj.win32\debug.win32\playeroverworld.obj
c:\users\user\desktop\cocos2d-x-3.16\peng\pgeng153598u\proj.win32\debug.win32\vc141.pdb
c:\users\user\desktop\cocos2d-x-3.16\peng\pgeng153598u\proj.win32\debug.win32\particleeffectmanager.obj
c:\users\user\desktop\cocos2d-x-3.16\peng\pgeng153598u\proj.win32\debug.win32\pgeng153598u.ilk
c:\users\user\desktop\cocos2d-x-3.16\peng\pgeng153598u\proj.win32\debug.win32\pgeng153598u.exe
c:\users\user\desktop\cocos2d-x-3.16\peng\pgeng153598u\proj.win32\debug.win32\pgeng153598u.pdb
c:\users\user\desktop\cocos2d-x-3.16\peng\pgeng153598u\proj.win32\debug.win32\pgeng153598u.lib
c:\users\user\desktop\cocos2d-x-3.16\peng\pgeng153598u\proj.win32\debug.win32\pgeng153598u.exp
c:\users\user\desktop\cocos2d-x-3.16\peng\pgeng153598u\proj.win32\debug.win32\game.res
c:\users\user\desktop\cocos2d-x-3.16\peng\pgeng153598u\proj.win32\debug.win32\pgeng153598u.vcxprojresolveassemblyreference.cache
c:\users\user\desktop\cocos2d-x-3.16\peng\pgeng153598u\proj.win32\debug.win32\source.obj
c:\users\user\desktop\cocos2d-x-3.16\peng\pgeng153598u\proj.win32\debug.win32\libcocos2d.exp
c:\users\user\desktop\cocos2d-x-3.16\peng\pgeng153598u\proj.win32\debug.win32\vc120.idb
c:\users\user\desktop\cocos2d-x-3.16\peng\pgeng153598u\proj.win32\debug.win32\vc141.idb
c:\users\user\desktop\cocos2d-x-3.16\peng\pgeng153598u\proj.win32\debug.win32\libbox2d.pdb
c:\users\user\desktop\cocos2d-x-3.16\peng\pgeng153598u\proj.win32\debug.win32\libcocos2d.pdb
c:\users\user\desktop\cocos2d-x-3.16\peng\pgeng153598u\proj.win32\debug.win32\librecast.pdb
c:\users\user\desktop\cocos2d-x-3.16\peng\pgeng153598u\proj.win32\debug.win32\libspine.pdb
c:\users\user\desktop\cocos2d-x-3.16\peng\pgeng153598u\proj.win32\debug.win32\vc140.pdb
c:\users\user\desktop\cocos2d-x-3.16\peng\pgeng153598u\proj.win32\debug.win32\pgeng153598u.tlog\cl.command.1.tlog
c:\users\user\desktop\cocos2d-x-3.16\peng\pgeng153598u\proj.win32\debug.win32\pgeng153598u.tlog\cl.read.1.tlog
c:\users\user\desktop\cocos2d-x-3.16\peng\pgeng153598u\proj.win32\debug.win32\pgeng153598u.tlog\cl.write.1.tlog
c:\users\user\desktop\cocos2d-x-3.16\peng\pgeng153598u\proj.win32\debug.win32\pgeng153598u.tlog\link-cvtres.read.1.tlog
c:\users\user\desktop\cocos2d-x-3.16\peng\pgeng153598u\proj.win32\debug.win32\pgeng153598u.tlog\link-cvtres.write.1.tlog
c:\users\user\desktop\cocos2d-x-3.16\peng\pgeng153598u\proj.win32\debug.win32\pgeng153598u.tlog\link-rc.read.1.tlog
c:\users\user\desktop\cocos2d-x-3.16\peng\pgeng153598u\proj.win32\debug.win32\pgeng153598u.tlog\link-rc.write.1.tlog
c:\users\user\desktop\cocos2d-x-3.16\peng\pgeng153598u\proj.win32\debug.win32\pgeng153598u.tlog\link.508-cvtres.read.1.tlog
c:\users\user\desktop\cocos2d-x-3.16\peng\pgeng153598u\proj.win32\debug.win32\pgeng153598u.tlog\link.508-cvtres.write.1.tlog
c:\users\user\desktop\cocos2d-x-3.16\peng\pgeng153598u\proj.win32\debug.win32\pgeng153598u.tlog\link.508-rc.read.1.tlog
c:\users\user\desktop\cocos2d-x-3.16\peng\pgeng153598u\proj.win32\debug.win32\pgeng153598u.tlog\link.508-rc.write.1.tlog
c:\users\user\desktop\cocos2d-x-3.16\peng\pgeng153598u\proj.win32\debug.win32\pgeng153598u.tlog\link.508.read.1.tlog
c:\users\user\desktop\cocos2d-x-3.16\peng\pgeng153598u\proj.win32\debug.win32\pgeng153598u.tlog\link.508.write.1.tlog
c:\users\user\desktop\cocos2d-x-3.16\peng\pgeng153598u\proj.win32\debug.win32\pgeng153598u.tlog\link.command.1.tlog
c:\users\user\desktop\cocos2d-x-3.16\peng\pgeng153598u\proj.win32\debug.win32\pgeng153598u.tlog\link.read.1.tlog
c:\users\user\desktop\cocos2d-x-3.16\peng\pgeng153598u\proj.win32\debug.win32\pgeng153598u.tlog\link.write.1.tlog
c:\users\user\desktop\cocos2d-x-3.16\peng\pgeng153598u\proj.win32\debug.win32\pgeng153598u.tlog\pgeng153598u.write.1u.tlog
c:\users\user\desktop\cocos2d-x-3.16\peng\pgeng153598u\proj.win32\debug.win32\pgeng153598u.tlog\rc.command.1.tlog
c:\users\user\desktop\cocos2d-x-3.16\peng\pgeng153598u\proj.win32\debug.win32\pgeng153598u.tlog\rc.read.1.tlog
c:\users\user\desktop\cocos2d-x-3.16\peng\pgeng153598u\proj.win32\debug.win32\pgeng153598u.tlog\rc.write.1.tlog
